  ConsoleApplication1.cpp
C:\Users\priya\source\repos\ConsoleApplication1\ConsoleApplication1\ConsoleApplication1.cpp(12,20): warning C4305: 'initializing': truncation from 'double' to 'GLfloat'
C:\Users\priya\source\repos\ConsoleApplication1\ConsoleApplication1\ConsoleApplication1.cpp(12,26): warning C4305: 'initializing': truncation from 'double' to 'GLfloat'
C:\Users\priya\source\repos\ConsoleApplication1\ConsoleApplication1\ConsoleApplication1.cpp(12,32): warning C4305: 'initializing': truncation from 'double' to 'GLfloat'
C:\Users\priya\source\repos\ConsoleApplication1\ConsoleApplication1\ConsoleApplication1.cpp(12,42): warning C4305: 'initializing': truncation from 'double' to 'GLfloat'
C:\Users\priya\source\repos\ConsoleApplication1\ConsoleApplication1\ConsoleApplication1.cpp(12,48): warning C4305: 'initializing': truncation from 'double' to 'GLfloat'
C:\Users\priya\source\repos\ConsoleApplication1\ConsoleApplication1\ConsoleApplication1.cpp(12,59): warning C4305: 'initializing': truncation from 'double' to 'GLfloat'
C:\Users\priya\source\repos\ConsoleApplication1\ConsoleApplication1\ConsoleApplication1.cpp(13,1): warning C4305: 'initializing': truncation from 'double' to 'GLfloat'
C:\Users\priya\source\repos\ConsoleApplication1\ConsoleApplication1\ConsoleApplication1.cpp(13,7): warning C4305: 'initializing': truncation from 'double' to 'GLfloat'
C:\Users\priya\source\repos\ConsoleApplication1\ConsoleApplication1\ConsoleApplication1.cpp(13,13): warning C4305: 'initializing': truncation from 'double' to 'GLfloat'
C:\Users\priya\source\repos\ConsoleApplication1\ConsoleApplication1\ConsoleApplication1.cpp(13,19): warning C4305: 'initializing': truncation from 'double' to 'GLfloat'
C:\Users\priya\source\repos\ConsoleApplication1\ConsoleApplication1\ConsoleApplication1.cpp(13,24): warning C4305: 'initializing': truncation from 'double' to 'GLfloat'
C:\Users\priya\source\repos\ConsoleApplication1\ConsoleApplication1\ConsoleApplication1.cpp(13,30): warning C4305: 'initializing': truncation from 'double' to 'GLfloat'
C:\Users\priya\source\repos\ConsoleApplication1\ConsoleApplication1\ConsoleApplication1.cpp(13,36): warning C4305: 'initializing': truncation from 'double' to 'GLfloat'
C:\Users\priya\source\repos\ConsoleApplication1\ConsoleApplication1\ConsoleApplication1.cpp(13,41): warning C4305: 'initializing': truncation from 'double' to 'GLfloat'
C:\Users\priya\source\repos\ConsoleApplication1\ConsoleApplication1\ConsoleApplication1.cpp(13,46): warning C4305: 'initializing': truncation from 'double' to 'GLfloat'
C:\Users\priya\source\repos\ConsoleApplication1\ConsoleApplication1\ConsoleApplication1.cpp(13,52): warning C4305: 'initializing': truncation from 'double' to 'GLfloat'
C:\Users\priya\source\repos\ConsoleApplication1\ConsoleApplication1\ConsoleApplication1.cpp(13,58): warning C4305: 'initializing': truncation from 'double' to 'GLfloat'
C:\Users\priya\source\repos\ConsoleApplication1\ConsoleApplication1\ConsoleApplication1.cpp(14,1): warning C4305: 'initializing': truncation from 'double' to 'GLfloat'
C:\Users\priya\source\repos\ConsoleApplication1\ConsoleApplication1\ConsoleApplication1.cpp(14,7): warning C4305: 'initializing': truncation from 'double' to 'GLfloat'
C:\Users\priya\source\repos\ConsoleApplication1\ConsoleApplication1\ConsoleApplication1.cpp(14,13): warning C4305: 'initializing': truncation from 'double' to 'GLfloat'
C:\Users\priya\source\repos\ConsoleApplication1\ConsoleApplication1\ConsoleApplication1.cpp(14,18): warning C4305: 'initializing': truncation from 'double' to 'GLfloat'
C:\Users\priya\source\repos\ConsoleApplication1\ConsoleApplication1\ConsoleApplication1.cpp(14,24): warning C4305: 'initializing': truncation from 'double' to 'GLfloat'
C:\Users\priya\source\repos\ConsoleApplication1\ConsoleApplication1\ConsoleApplication1.cpp(14,35): warning C4305: 'initializing': truncation from 'double' to 'GLfloat'
C:\Users\priya\source\repos\ConsoleApplication1\ConsoleApplication1\ConsoleApplication1.cpp(14,41): warning C4305: 'initializing': truncation from 'double' to 'GLfloat'
C:\Users\priya\source\repos\ConsoleApplication1\ConsoleApplication1\ConsoleApplication1.cpp(14,47): warning C4305: 'initializing': truncation from 'double' to 'GLfloat'
C:\Users\priya\source\repos\ConsoleApplication1\ConsoleApplication1\ConsoleApplication1.cpp(14,53): warning C4305: 'initializing': truncation from 'double' to 'GLfloat'
C:\Users\priya\source\repos\ConsoleApplication1\ConsoleApplication1\ConsoleApplication1.cpp(14,59): warning C4305: 'initializing': truncation from 'double' to 'GLfloat'
C:\Users\priya\source\repos\ConsoleApplication1\ConsoleApplication1\ConsoleApplication1.cpp(15,1): warning C4305: 'initializing': truncation from 'double' to 'GLfloat'
C:\Users\priya\source\repos\ConsoleApplication1\ConsoleApplication1\ConsoleApplication1.cpp(15,7): warning C4305: 'initializing': truncation from 'double' to 'GLfloat'
C:\Users\priya\source\repos\ConsoleApplication1\ConsoleApplication1\ConsoleApplication1.cpp(15,13): warning C4305: 'initializing': truncation from 'double' to 'GLfloat'
C:\Users\priya\source\repos\ConsoleApplication1\ConsoleApplication1\ConsoleApplication1.cpp(15,19): warning C4305: 'initializing': truncation from 'double' to 'GLfloat'
C:\Users\priya\source\repos\ConsoleApplication1\ConsoleApplication1\ConsoleApplication1.cpp(15,25): warning C4305: 'initializing': truncation from 'double' to 'GLfloat'
C:\Users\priya\source\repos\ConsoleApplication1\ConsoleApplication1\ConsoleApplication1.cpp(15,31): warning C4305: 'initializing': truncation from 'double' to 'GLfloat'
C:\Users\priya\source\repos\ConsoleApplication1\ConsoleApplication1\ConsoleApplication1.cpp(15,37): warning C4305: 'initializing': truncation from 'double' to 'GLfloat'
C:\Users\priya\source\repos\ConsoleApplication1\ConsoleApplication1\ConsoleApplication1.cpp(15,43): warning C4305: 'initializing': truncation from 'double' to 'GLfloat'
C:\Users\priya\source\repos\ConsoleApplication1\ConsoleApplication1\ConsoleApplication1.cpp(15,49): warning C4305: 'initializing': truncation from 'double' to 'GLfloat'
C:\Users\priya\source\repos\ConsoleApplication1\ConsoleApplication1\ConsoleApplication1.cpp(15,55): warning C4305: 'initializing': truncation from 'double' to 'GLfloat'
C:\Users\priya\source\repos\ConsoleApplication1\ConsoleApplication1\ConsoleApplication1.cpp(15,61): warning C4305: 'initializing': truncation from 'double' to 'GLfloat'
C:\Users\priya\source\repos\ConsoleApplication1\ConsoleApplication1\ConsoleApplication1.cpp(16,1): warning C4305: 'initializing': truncation from 'double' to 'GLfloat'
C:\Users\priya\source\repos\ConsoleApplication1\ConsoleApplication1\ConsoleApplication1.cpp(16,7): warning C4305: 'initializing': truncation from 'double' to 'GLfloat'
C:\Users\priya\source\repos\ConsoleApplication1\ConsoleApplication1\ConsoleApplication1.cpp(16,13): warning C4305: 'initializing': truncation from 'double' to 'GLfloat'
C:\Users\priya\source\repos\ConsoleApplication1\ConsoleApplication1\ConsoleApplication1.cpp(16,19): warning C4305: 'initializing': truncation from 'double' to 'GLfloat'
C:\Users\priya\source\repos\ConsoleApplication1\ConsoleApplication1\ConsoleApplication1.cpp(16,25): warning C4305: 'initializing': truncation from 'double' to 'GLfloat'
C:\Users\priya\source\repos\ConsoleApplication1\ConsoleApplication1\ConsoleApplication1.cpp(16,31): warning C4305: 'initializing': truncation from 'double' to 'GLfloat'
C:\Users\priya\source\repos\ConsoleApplication1\ConsoleApplication1\ConsoleApplication1.cpp(16,37): warning C4305: 'initializing': truncation from 'double' to 'GLfloat'
C:\Users\priya\source\repos\ConsoleApplication1\ConsoleApplication1\ConsoleApplication1.cpp(16,42): warning C4305: 'initializing': truncation from 'double' to 'GLfloat'
C:\Users\priya\source\repos\ConsoleApplication1\ConsoleApplication1\ConsoleApplication1.cpp(16,48): warning C4305: 'initializing': truncation from 'double' to 'GLfloat'
C:\Users\priya\source\repos\ConsoleApplication1\ConsoleApplication1\ConsoleApplication1.cpp(16,54): warning C4305: 'initializing': truncation from 'double' to 'GLfloat'
C:\Users\priya\source\repos\ConsoleApplication1\ConsoleApplication1\ConsoleApplication1.cpp(16,60): warning C4305: 'initializing': truncation from 'double' to 'GLfloat'
C:\Users\priya\source\repos\ConsoleApplication1\ConsoleApplication1\ConsoleApplication1.cpp(17,1): warning C4305: 'initializing': truncation from 'double' to 'GLfloat'
C:\Users\priya\source\repos\ConsoleApplication1\ConsoleApplication1\ConsoleApplication1.cpp(17,7): warning C4305: 'initializing': truncation from 'double' to 'GLfloat'
C:\Users\priya\source\repos\ConsoleApplication1\ConsoleApplication1\ConsoleApplication1.cpp(17,12): warning C4305: 'initializing': truncation from 'double' to 'GLfloat'
C:\Users\priya\source\repos\ConsoleApplication1\ConsoleApplication1\ConsoleApplication1.cpp(17,17): warning C4305: 'initializing': truncation from 'double' to 'GLfloat'
C:\Users\priya\source\repos\ConsoleApplication1\ConsoleApplication1\ConsoleApplication1.cpp(17,23): warning C4305: 'initializing': truncation from 'double' to 'GLfloat'
C:\Users\priya\source\repos\ConsoleApplication1\ConsoleApplication1\ConsoleApplication1.cpp(17,29): warning C4305: 'initializing': truncation from 'double' to 'GLfloat'
C:\Users\priya\source\repos\ConsoleApplication1\ConsoleApplication1\ConsoleApplication1.cpp(17,35): warning C4305: 'initializing': truncation from 'double' to 'GLfloat'
C:\Users\priya\source\repos\ConsoleApplication1\ConsoleApplication1\ConsoleApplication1.cpp(17,41): warning C4305: 'initializing': truncation from 'double' to 'GLfloat'
C:\Users\priya\source\repos\ConsoleApplication1\ConsoleApplication1\ConsoleApplication1.cpp(17,47): warning C4305: 'initializing': truncation from 'double' to 'GLfloat'
C:\Users\priya\source\repos\ConsoleApplication1\ConsoleApplication1\ConsoleApplication1.cpp(17,53): warning C4305: 'initializing': truncation from 'double' to 'GLfloat'
C:\Users\priya\source\repos\ConsoleApplication1\ConsoleApplication1\ConsoleApplication1.cpp(17,58): warning C4305: 'initializing': truncation from 'double' to 'GLfloat'
C:\Users\priya\source\repos\ConsoleApplication1\ConsoleApplication1\ConsoleApplication1.cpp(17,64): warning C4305: 'initializing': truncation from 'double' to 'GLfloat'
C:\Users\priya\source\repos\ConsoleApplication1\ConsoleApplication1\ConsoleApplication1.cpp(17,70): warning C4305: 'initializing': truncation from 'double' to 'GLfloat'
C:\Users\priya\source\repos\ConsoleApplication1\ConsoleApplication1\ConsoleApplication1.cpp(18,1): warning C4305: 'initializing': truncation from 'double' to 'GLfloat'
C:\Users\priya\source\repos\ConsoleApplication1\ConsoleApplication1\ConsoleApplication1.cpp(18,7): warning C4305: 'initializing': truncation from 'double' to 'GLfloat'
C:\Users\priya\source\repos\ConsoleApplication1\ConsoleApplication1\ConsoleApplication1.cpp(18,13): warning C4305: 'initializing': truncation from 'double' to 'GLfloat'
C:\Users\priya\source\repos\ConsoleApplication1\ConsoleApplication1\ConsoleApplication1.cpp(18,19): warning C4305: 'initializing': truncation from 'double' to 'GLfloat'
C:\Users\priya\source\repos\ConsoleApplication1\ConsoleApplication1\ConsoleApplication1.cpp(18,25): warning C4305: 'initializing': truncation from 'double' to 'GLfloat'
C:\Users\priya\source\repos\ConsoleApplication1\ConsoleApplication1\ConsoleApplication1.cpp(18,31): warning C4305: 'initializing': truncation from 'double' to 'GLfloat'
C:\Users\priya\source\repos\ConsoleApplication1\ConsoleApplication1\ConsoleApplication1.cpp(18,37): warning C4305: 'initializing': truncation from 'double' to 'GLfloat'
C:\Users\priya\source\repos\ConsoleApplication1\ConsoleApplication1\ConsoleApplication1.cpp(18,43): warning C4305: 'initializing': truncation from 'double' to 'GLfloat'
C:\Users\priya\source\repos\ConsoleApplication1\ConsoleApplication1\ConsoleApplication1.cpp(18,49): warning C4305: 'initializing': truncation from 'double' to 'GLfloat'
C:\Users\priya\source\repos\ConsoleApplication1\ConsoleApplication1\ConsoleApplication1.cpp(18,55): warning C4305: 'initializing': truncation from 'double' to 'GLfloat'
C:\Users\priya\source\repos\ConsoleApplication1\ConsoleApplication1\ConsoleApplication1.cpp(18,61): warning C4305: 'initializing': truncation from 'double' to 'GLfloat'
C:\Users\priya\source\repos\ConsoleApplication1\ConsoleApplication1\ConsoleApplication1.cpp(18,67): warning C4305: 'initializing': truncation from 'double' to 'GLfloat'
C:\Users\priya\source\repos\ConsoleApplication1\ConsoleApplication1\ConsoleApplication1.cpp(18,73): warning C4305: 'initializing': truncation from 'double' to 'GLfloat'
C:\Users\priya\source\repos\ConsoleApplication1\ConsoleApplication1\ConsoleApplication1.cpp(19,1): warning C4305: 'initializing': truncation from 'double' to 'GLfloat'
C:\Users\priya\source\repos\ConsoleApplication1\ConsoleApplication1\ConsoleApplication1.cpp(19,7): warning C4305: 'initializing': truncation from 'double' to 'GLfloat'
C:\Users\priya\source\repos\ConsoleApplication1\ConsoleApplication1\ConsoleApplication1.cpp(19,13): warning C4305: 'initializing': truncation from 'double' to 'GLfloat'
C:\Users\priya\source\repos\ConsoleApplication1\ConsoleApplication1\ConsoleApplication1.cpp(19,19): warning C4305: 'initializing': truncation from 'double' to 'GLfloat'
C:\Users\priya\source\repos\ConsoleApplication1\ConsoleApplication1\ConsoleApplication1.cpp(19,25): warning C4305: 'initializing': truncation from 'double' to 'GLfloat'
C:\Users\priya\source\repos\ConsoleApplication1\ConsoleApplication1\ConsoleApplication1.cpp(19,31): warning C4305: 'initializing': truncation from 'double' to 'GLfloat'
C:\Users\priya\source\repos\ConsoleApplication1\ConsoleApplication1\ConsoleApplication1.cpp(19,37): warning C4305: 'initializing': truncation from 'double' to 'GLfloat'
C:\Users\priya\source\repos\ConsoleApplication1\ConsoleApplication1\ConsoleApplication1.cpp(19,43): warning C4305: 'initializing': truncation from 'double' to 'GLfloat'
C:\Users\priya\source\repos\ConsoleApplication1\ConsoleApplication1\ConsoleApplication1.cpp(19,49): warning C4305: 'initializing': truncation from 'double' to 'GLfloat'
C:\Users\priya\source\repos\ConsoleApplication1\ConsoleApplication1\ConsoleApplication1.cpp(19,55): warning C4305: 'initializing': truncation from 'double' to 'GLfloat'
C:\Users\priya\source\repos\ConsoleApplication1\ConsoleApplication1\ConsoleApplication1.cpp(19,61): warning C4305: 'initializing': truncation from 'double' to 'GLfloat'
C:\Users\priya\source\repos\ConsoleApplication1\ConsoleApplication1\ConsoleApplication1.cpp(19,67): warning C4305: 'initializing': truncation from 'double' to 'GLfloat'
C:\Users\priya\source\repos\ConsoleApplication1\ConsoleApplication1\ConsoleApplication1.cpp(19,73): warning C4305: 'initializing': truncation from 'double' to 'GLfloat'
C:\Users\priya\source\repos\ConsoleApplication1\ConsoleApplication1\ConsoleApplication1.cpp(20,1): warning C4305: 'initializing': truncation from 'double' to 'GLfloat'
C:\Users\priya\source\repos\ConsoleApplication1\ConsoleApplication1\ConsoleApplication1.cpp(20,7): warning C4305: 'initializing': truncation from 'double' to 'GLfloat'
C:\Users\priya\source\repos\ConsoleApplication1\ConsoleApplication1\ConsoleApplication1.cpp(20,13): warning C4305: 'initializing': truncation from 'double' to 'GLfloat'
C:\Users\priya\source\repos\ConsoleApplication1\ConsoleApplication1\ConsoleApplication1.cpp(20,18): warning C4305: 'initializing': truncation from 'double' to 'GLfloat'
C:\Users\priya\source\repos\ConsoleApplication1\ConsoleApplication1\ConsoleApplication1.cpp(20,24): warning C4305: 'initializing': truncation from 'double' to 'GLfloat'
C:\Users\priya\source\repos\ConsoleApplication1\ConsoleApplication1\ConsoleApplication1.cpp(42,12): warning C4305: 'argument': truncation from 'double' to 'GLfloat'
C:\Users\priya\source\repos\ConsoleApplication1\ConsoleApplication1\ConsoleApplication1.cpp(65,8): warning C4244: '=': conversion from 'double' to 'GLfloat', possible loss of data
C:\Users\priya\source\repos\ConsoleApplication1\ConsoleApplication1\ConsoleApplication1.cpp(114,21): warning C4305: 'initializing': truncation from 'double' to 'GLfloat'
C:\Users\priya\source\repos\ConsoleApplication1\ConsoleApplication1\ConsoleApplication1.cpp(118,14): warning C4305: 'argument': truncation from 'double' to 'GLfloat'
C:\Users\priya\source\repos\ConsoleApplication1\ConsoleApplication1\ConsoleApplication1.cpp(126,19): warning C4305: 'argument': truncation from 'double' to 'GLfloat'
C:\Users\priya\source\repos\ConsoleApplication1\ConsoleApplication1\ConsoleApplication1.cpp(126,11): warning C4305: 'argument': truncation from 'double' to 'GLfloat'
C:\Users\priya\source\repos\ConsoleApplication1\ConsoleApplication1\ConsoleApplication1.cpp(131,22): warning C4305: 'argument': truncation from 'double' to 'GLfloat'
C:\Users\priya\source\repos\ConsoleApplication1\ConsoleApplication1\ConsoleApplication1.cpp(132,23): warning C4305: 'argument': truncation from 'double' to 'GLfloat'
C:\Users\priya\source\repos\ConsoleApplication1\ConsoleApplication1\ConsoleApplication1.cpp(132,17): warning C4305: 'argument': truncation from 'double' to 'GLfloat'
C:\Users\priya\source\repos\ConsoleApplication1\ConsoleApplication1\ConsoleApplication1.cpp(137,21): warning C4305: 'argument': truncation from 'double' to 'GLfloat'
C:\Users\priya\source\repos\ConsoleApplication1\ConsoleApplication1\ConsoleApplication1.cpp(138,23): warning C4305: 'argument': truncation from 'double' to 'GLfloat'
C:\Users\priya\source\repos\ConsoleApplication1\ConsoleApplication1\ConsoleApplication1.cpp(138,17): warning C4305: 'argument': truncation from 'double' to 'GLfloat'
C:\Users\priya\source\repos\ConsoleApplication1\ConsoleApplication1\ConsoleApplication1.cpp(143,18): warning C4305: 'argument': truncation from 'double' to 'GLfloat'
C:\Users\priya\source\repos\ConsoleApplication1\ConsoleApplication1\ConsoleApplication1.cpp(144,22): warning C4305: 'argument': truncation from 'double' to 'GLfloat'
C:\Users\priya\source\repos\ConsoleApplication1\ConsoleApplication1\ConsoleApplication1.cpp(144,11): warning C4305: 'argument': truncation from 'double' to 'GLfloat'
C:\Users\priya\source\repos\ConsoleApplication1\ConsoleApplication1\ConsoleApplication1.cpp(158,29): warning C4305: 'initializing': truncation from 'double' to 'GLfloat'
C:\Users\priya\source\repos\ConsoleApplication1\ConsoleApplication1\ConsoleApplication1.cpp(158,34): warning C4305: 'initializing': truncation from 'double' to 'GLfloat'
C:\Users\priya\source\repos\ConsoleApplication1\ConsoleApplication1\ConsoleApplication1.cpp(158,39): warning C4305: 'initializing': truncation from 'double' to 'GLfloat'
C:\Users\priya\source\repos\ConsoleApplication1\ConsoleApplication1\ConsoleApplication1.cpp(160,31): warning C4305: 'initializing': truncation from 'double' to 'GLfloat'
C:\Users\priya\source\repos\ConsoleApplication1\ConsoleApplication1\ConsoleApplication1.cpp(160,36): warning C4305: 'initializing': truncation from 'double' to 'GLfloat'
C:\Users\priya\source\repos\ConsoleApplication1\ConsoleApplication1\ConsoleApplication1.cpp(160,41): warning C4305: 'initializing': truncation from 'double' to 'GLfloat'
C:\Users\priya\source\repos\ConsoleApplication1\ConsoleApplication1\ConsoleApplication1.cpp(160,46): warning C4305: 'initializing': truncation from 'double' to 'GLfloat'
C:\Users\priya\source\repos\ConsoleApplication1\ConsoleApplication1\ConsoleApplication1.cpp(169,22): warning C4305: 'initializing': truncation from 'double' to 'GLfloat'
C:\Users\priya\source\repos\ConsoleApplication1\ConsoleApplication1\ConsoleApplication1.cpp(169,27): warning C4305: 'initializing': truncation from 'double' to 'GLfloat'
C:\Users\priya\source\repos\ConsoleApplication1\ConsoleApplication1\ConsoleApplication1.cpp(169,31): warning C4305: 'initializing': truncation from 'double' to 'GLfloat'
C:\Users\priya\source\repos\ConsoleApplication1\ConsoleApplication1\ConsoleApplication1.cpp(169,36): warning C4305: 'initializing': truncation from 'double' to 'GLfloat'
C:\Users\priya\source\repos\ConsoleApplication1\ConsoleApplication1\ConsoleApplication1.cpp(187,23): warning C4305: 'argument': truncation from 'double' to 'GLfloat'
C:\Users\priya\source\repos\ConsoleApplication1\ConsoleApplication1\ConsoleApplication1.cpp(187,17): warning C4305: 'argument': truncation from 'double' to 'GLfloat'
C:\Users\priya\source\repos\ConsoleApplication1\ConsoleApplication1\ConsoleApplication1.cpp(187,11): warning C4305: 'argument': truncation from 'double' to 'GLfloat'
C:\Users\priya\source\repos\ConsoleApplication1\ConsoleApplication1\ConsoleApplication1.cpp(202,23): warning C4305: 'argument': truncation from 'double' to 'GLfloat'
C:\Users\priya\source\repos\ConsoleApplication1\ConsoleApplication1\ConsoleApplication1.cpp(204,25): warning C4305: 'argument': truncation from 'double' to 'GLfloat'
C:\Users\priya\source\repos\ConsoleApplication1\ConsoleApplication1\ConsoleApplication1.cpp(204,17): warning C4305: 'argument': truncation from 'double' to 'GLfloat'
C:\Users\priya\source\repos\ConsoleApplication1\ConsoleApplication1\ConsoleApplication1.cpp(205,24): warning C4305: 'argument': truncation from 'double' to 'GLfloat'
C:\Users\priya\source\repos\ConsoleApplication1\ConsoleApplication1\ConsoleApplication1.cpp(205,16): warning C4305: 'argument': truncation from 'double' to 'GLfloat'
C:\Users\priya\source\repos\ConsoleApplication1\ConsoleApplication1\ConsoleApplication1.cpp(206,22): warning C4305: 'argument': truncation from 'double' to 'GLfloat'
C:\Users\priya\source\repos\ConsoleApplication1\ConsoleApplication1\ConsoleApplication1.cpp(206,17): warning C4305: 'argument': truncation from 'double' to 'GLfloat'
C:\Users\priya\source\repos\ConsoleApplication1\ConsoleApplication1\ConsoleApplication1.cpp(206,12): warning C4305: 'argument': truncation from 'double' to 'GLfloat'
C:\Users\priya\source\repos\ConsoleApplication1\ConsoleApplication1\ConsoleApplication1.cpp(219,26): warning C4305: 'argument': truncation from 'double' to 'GLfloat'
C:\Users\priya\source\repos\ConsoleApplication1\ConsoleApplication1\ConsoleApplication1.cpp(219,18): warning C4305: 'argument': truncation from 'double' to 'GLfloat'
C:\Users\priya\source\repos\ConsoleApplication1\ConsoleApplication1\ConsoleApplication1.cpp(220,24): warning C4305: 'argument': truncation from 'double' to 'GLfloat'
C:\Users\priya\source\repos\ConsoleApplication1\ConsoleApplication1\ConsoleApplication1.cpp(220,16): warning C4305: 'argument': truncation from 'double' to 'GLfloat'
C:\Users\priya\source\repos\ConsoleApplication1\ConsoleApplication1\ConsoleApplication1.cpp(221,22): warning C4305: 'argument': truncation from 'double' to 'GLfloat'
C:\Users\priya\source\repos\ConsoleApplication1\ConsoleApplication1\ConsoleApplication1.cpp(221,17): warning C4305: 'argument': truncation from 'double' to 'GLfloat'
C:\Users\priya\source\repos\ConsoleApplication1\ConsoleApplication1\ConsoleApplication1.cpp(221,12): warning C4305: 'argument': truncation from 'double' to 'GLfloat'
C:\Users\priya\source\repos\ConsoleApplication1\ConsoleApplication1\ConsoleApplication1.cpp(246,29): warning C4305: 'initializing': truncation from 'double' to 'GLfloat'
C:\Users\priya\source\repos\ConsoleApplication1\ConsoleApplication1\ConsoleApplication1.cpp(246,34): warning C4305: 'initializing': truncation from 'double' to 'GLfloat'
C:\Users\priya\source\repos\ConsoleApplication1\ConsoleApplication1\ConsoleApplication1.cpp(246,39): warning C4305: 'initializing': truncation from 'double' to 'GLfloat'
C:\Users\priya\source\repos\ConsoleApplication1\ConsoleApplication1\ConsoleApplication1.cpp(248,31): warning C4305: 'initializing': truncation from 'double' to 'GLfloat'
C:\Users\priya\source\repos\ConsoleApplication1\ConsoleApplication1\ConsoleApplication1.cpp(248,36): warning C4305: 'initializing': truncation from 'double' to 'GLfloat'
C:\Users\priya\source\repos\ConsoleApplication1\ConsoleApplication1\ConsoleApplication1.cpp(248,41): warning C4305: 'initializing': truncation from 'double' to 'GLfloat'
C:\Users\priya\source\repos\ConsoleApplication1\ConsoleApplication1\ConsoleApplication1.cpp(248,46): warning C4305: 'initializing': truncation from 'double' to 'GLfloat'
C:\Users\priya\source\repos\ConsoleApplication1\ConsoleApplication1\ConsoleApplication1.cpp(257,22): warning C4305: 'initializing': truncation from 'double' to 'GLfloat'
C:\Users\priya\source\repos\ConsoleApplication1\ConsoleApplication1\ConsoleApplication1.cpp(257,27): warning C4305: 'initializing': truncation from 'double' to 'GLfloat'
C:\Users\priya\source\repos\ConsoleApplication1\ConsoleApplication1\ConsoleApplication1.cpp(257,31): warning C4305: 'initializing': truncation from 'double' to 'GLfloat'
C:\Users\priya\source\repos\ConsoleApplication1\ConsoleApplication1\ConsoleApplication1.cpp(257,36): warning C4305: 'initializing': truncation from 'double' to 'GLfloat'
C:\Users\priya\source\repos\ConsoleApplication1\ConsoleApplication1\ConsoleApplication1.cpp(273,20): warning C4305: 'argument': truncation from 'double' to 'GLfloat'
C:\Users\priya\source\repos\ConsoleApplication1\ConsoleApplication1\ConsoleApplication1.cpp(274,23): warning C4305: 'argument': truncation from 'double' to 'GLfloat'
C:\Users\priya\source\repos\ConsoleApplication1\ConsoleApplication1\ConsoleApplication1.cpp(274,17): warning C4305: 'argument': truncation from 'double' to 'GLfloat'
C:\Users\priya\source\repos\ConsoleApplication1\ConsoleApplication1\ConsoleApplication1.cpp(274,11): warning C4305: 'argument': truncation from 'double' to 'GLfloat'
C:\Users\priya\source\repos\ConsoleApplication1\ConsoleApplication1\ConsoleApplication1.cpp(288,20): warning C4305: 'argument': truncation from 'double' to 'GLfloat'
C:\Users\priya\source\repos\ConsoleApplication1\ConsoleApplication1\ConsoleApplication1.cpp(290,22): warning C4305: 'argument': truncation from 'double' to 'GLfloat'
C:\Users\priya\source\repos\ConsoleApplication1\ConsoleApplication1\ConsoleApplication1.cpp(290,17): warning C4305: 'argument': truncation from 'double' to 'GLfloat'
C:\Users\priya\source\repos\ConsoleApplication1\ConsoleApplication1\ConsoleApplication1.cpp(291,21): warning C4305: 'argument': truncation from 'double' to 'GLfloat'
C:\Users\priya\source\repos\ConsoleApplication1\ConsoleApplication1\ConsoleApplication1.cpp(291,16): warning C4305: 'argument': truncation from 'double' to 'GLfloat'
C:\Users\priya\source\repos\ConsoleApplication1\ConsoleApplication1\ConsoleApplication1.cpp(292,22): warning C4305: 'argument': truncation from 'double' to 'GLfloat'
C:\Users\priya\source\repos\ConsoleApplication1\ConsoleApplication1\ConsoleApplication1.cpp(292,17): warning C4305: 'argument': truncation from 'double' to 'GLfloat'
C:\Users\priya\source\repos\ConsoleApplication1\ConsoleApplication1\ConsoleApplication1.cpp(292,12): warning C4305: 'argument': truncation from 'double' to 'GLfloat'
C:\Users\priya\source\repos\ConsoleApplication1\ConsoleApplication1\ConsoleApplication1.cpp(305,23): warning C4305: 'argument': truncation from 'double' to 'GLfloat'
C:\Users\priya\source\repos\ConsoleApplication1\ConsoleApplication1\ConsoleApplication1.cpp(305,18): warning C4305: 'argument': truncation from 'double' to 'GLfloat'
C:\Users\priya\source\repos\ConsoleApplication1\ConsoleApplication1\ConsoleApplication1.cpp(306,21): warning C4305: 'argument': truncation from 'double' to 'GLfloat'
C:\Users\priya\source\repos\ConsoleApplication1\ConsoleApplication1\ConsoleApplication1.cpp(306,16): warning C4305: 'argument': truncation from 'double' to 'GLfloat'
C:\Users\priya\source\repos\ConsoleApplication1\ConsoleApplication1\ConsoleApplication1.cpp(307,22): warning C4305: 'argument': truncation from 'double' to 'GLfloat'
C:\Users\priya\source\repos\ConsoleApplication1\ConsoleApplication1\ConsoleApplication1.cpp(307,17): warning C4305: 'argument': truncation from 'double' to 'GLfloat'
C:\Users\priya\source\repos\ConsoleApplication1\ConsoleApplication1\ConsoleApplication1.cpp(307,12): warning C4305: 'argument': truncation from 'double' to 'GLfloat'
C:\Users\priya\source\repos\ConsoleApplication1\ConsoleApplication1\ConsoleApplication1.cpp(332,29): warning C4305: 'initializing': truncation from 'double' to 'GLfloat'
C:\Users\priya\source\repos\ConsoleApplication1\ConsoleApplication1\ConsoleApplication1.cpp(332,34): warning C4305: 'initializing': truncation from 'double' to 'GLfloat'
C:\Users\priya\source\repos\ConsoleApplication1\ConsoleApplication1\ConsoleApplication1.cpp(332,39): warning C4305: 'initializing': truncation from 'double' to 'GLfloat'
C:\Users\priya\source\repos\ConsoleApplication1\ConsoleApplication1\ConsoleApplication1.cpp(334,30): warning C4305: 'initializing': truncation from 'double' to 'GLfloat'
C:\Users\priya\source\repos\ConsoleApplication1\ConsoleApplication1\ConsoleApplication1.cpp(334,36): warning C4305: 'initializing': truncation from 'double' to 'GLfloat'
C:\Users\priya\source\repos\ConsoleApplication1\ConsoleApplication1\ConsoleApplication1.cpp(334,41): warning C4305: 'initializing': truncation from 'double' to 'GLfloat'
C:\Users\priya\source\repos\ConsoleApplication1\ConsoleApplication1\ConsoleApplication1.cpp(334,46): warning C4305: 'initializing': truncation from 'double' to 'GLfloat'
C:\Users\priya\source\repos\ConsoleApplication1\ConsoleApplication1\ConsoleApplication1.cpp(343,22): warning C4305: 'initializing': truncation from 'double' to 'GLfloat'
C:\Users\priya\source\repos\ConsoleApplication1\ConsoleApplication1\ConsoleApplication1.cpp(343,27): warning C4305: 'initializing': truncation from 'double' to 'GLfloat'
C:\Users\priya\source\repos\ConsoleApplication1\ConsoleApplication1\ConsoleApplication1.cpp(343,31): warning C4305: 'initializing': truncation from 'double' to 'GLfloat'
C:\Users\priya\source\repos\ConsoleApplication1\ConsoleApplication1\ConsoleApplication1.cpp(343,36): warning C4305: 'initializing': truncation from 'double' to 'GLfloat'
C:\Users\priya\source\repos\ConsoleApplication1\ConsoleApplication1\ConsoleApplication1.cpp(357,17): warning C4305: 'argument': truncation from 'double' to 'GLfloat'
C:\Users\priya\source\repos\ConsoleApplication1\ConsoleApplication1\ConsoleApplication1.cpp(358,23): warning C4305: 'argument': truncation from 'double' to 'GLfloat'
C:\Users\priya\source\repos\ConsoleApplication1\ConsoleApplication1\ConsoleApplication1.cpp(358,17): warning C4305: 'argument': truncation from 'double' to 'GLfloat'
C:\Users\priya\source\repos\ConsoleApplication1\ConsoleApplication1\ConsoleApplication1.cpp(358,11): warning C4305: 'argument': truncation from 'double' to 'GLfloat'
C:\Users\priya\source\repos\ConsoleApplication1\ConsoleApplication1\ConsoleApplication1.cpp(373,23): warning C4305: 'argument': truncation from 'double' to 'GLfloat'
C:\Users\priya\source\repos\ConsoleApplication1\ConsoleApplication1\ConsoleApplication1.cpp(375,25): warning C4305: 'argument': truncation from 'double' to 'GLfloat'
C:\Users\priya\source\repos\ConsoleApplication1\ConsoleApplication1\ConsoleApplication1.cpp(375,20): warning C4305: 'argument': truncation from 'double' to 'GLfloat'
C:\Users\priya\source\repos\ConsoleApplication1\ConsoleApplication1\ConsoleApplication1.cpp(376,21): warning C4305: 'argument': truncation from 'double' to 'GLfloat'
C:\Users\priya\source\repos\ConsoleApplication1\ConsoleApplication1\ConsoleApplication1.cpp(376,16): warning C4305: 'argument': truncation from 'double' to 'GLfloat'
C:\Users\priya\source\repos\ConsoleApplication1\ConsoleApplication1\ConsoleApplication1.cpp(377,22): warning C4305: 'argument': truncation from 'double' to 'GLfloat'
C:\Users\priya\source\repos\ConsoleApplication1\ConsoleApplication1\ConsoleApplication1.cpp(377,17): warning C4305: 'argument': truncation from 'double' to 'GLfloat'
C:\Users\priya\source\repos\ConsoleApplication1\ConsoleApplication1\ConsoleApplication1.cpp(377,12): warning C4305: 'argument': truncation from 'double' to 'GLfloat'
C:\Users\priya\source\repos\ConsoleApplication1\ConsoleApplication1\ConsoleApplication1.cpp(390,26): warning C4305: 'argument': truncation from 'double' to 'GLfloat'
C:\Users\priya\source\repos\ConsoleApplication1\ConsoleApplication1\ConsoleApplication1.cpp(390,21): warning C4305: 'argument': truncation from 'double' to 'GLfloat'
C:\Users\priya\source\repos\ConsoleApplication1\ConsoleApplication1\ConsoleApplication1.cpp(391,21): warning C4305: 'argument': truncation from 'double' to 'GLfloat'
C:\Users\priya\source\repos\ConsoleApplication1\ConsoleApplication1\ConsoleApplication1.cpp(391,16): warning C4305: 'argument': truncation from 'double' to 'GLfloat'
C:\Users\priya\source\repos\ConsoleApplication1\ConsoleApplication1\ConsoleApplication1.cpp(392,22): warning C4305: 'argument': truncation from 'double' to 'GLfloat'
C:\Users\priya\source\repos\ConsoleApplication1\ConsoleApplication1\ConsoleApplication1.cpp(392,17): warning C4305: 'argument': truncation from 'double' to 'GLfloat'
C:\Users\priya\source\repos\ConsoleApplication1\ConsoleApplication1\ConsoleApplication1.cpp(392,12): warning C4305: 'argument': truncation from 'double' to 'GLfloat'
  ConsoleApplication1.vcxproj -> C:\Users\priya\source\repos\ConsoleApplication1\x64\Debug\ConsoleApplication1.exe
